Info: Starting: Create block symbol file (.bsf)
Info: ip-generate --project-directory=C:/altera/12.0/bmr_tdee/ --output-directory=C:/altera/12.0/bmr_tdee/bmr_tdee_qsys/ --report-file=bsf:C:/altera/12.0/bmr_tdee/bmr_tdee_qsys.bsf --system-info=DEVICE_FAMILY="Cyclone IV E" --system-info=DEVICE=EP4CE22F17C6 --system-info=DEVICE_SPEEDGRADE=6 --component-file=C:/altera/12.0/bmr_tdee/bmr_tdee_qsys.qsys
Progress: Loading bmr_tdee/bmr_tdee_qsys.qsys
Progress: Reading input file
Progress: Adding clk_0 [clock_source 12.0]
Progress: Parameterizing module clk_0
Progress: Adding nios2_qsys_0 [altera_nios2_qsys 12.0]
Progress: Parameterizing module nios2_qsys_0
Progress: Adding onchip_memory2_0 [altera_avalon_onchip_memory2 12.0]
Progress: Parameterizing module onchip_memory2_0
Progress: Adding jtag_uart_0 [altera_avalon_jtag_uart 12.0]
Progress: Parameterizing module jtag_uart_0
Progress: Adding pio_led [altera_avalon_pio 12.0]
Progress: Parameterizing module pio_led
Progress: Adding pio_sw [altera_avalon_pio 12.0]
Progress: Parameterizing module pio_sw
Progress: Adding pio_bt [altera_avalon_pio 12.0]
Progress: Parameterizing module pio_bt
Progress: Building connections
Progress: Parameterizing connections
Progress: Validating
Progress: Done reading input file
Info: bmr_tdee_qsys.onchip_memory2_0: Memory will be initialized from onchip_memory2_0.hex
Info: bmr_tdee_qsys.pio_sw: PIO inputs are not hardwired in test bench. Undefined values will be read from PIO inputs during simulation.
Info: bmr_tdee_qsys.pio_bt: PIO inputs are not hardwired in test bench. Undefined values will be read from PIO inputs during simulation.
Info: ip-generate succeeded.
Info: Finished: Create block symbol file (.bsf)
Info: 
Info: Starting: Create HDL design files for synthesis
Info: ip-generate --project-directory=C:/altera/12.0/bmr_tdee/ --output-directory=C:/altera/12.0/bmr_tdee/bmr_tdee_qsys/synthesis/ --file-set=QUARTUS_SYNTH --report-file=sopcinfo:C:/altera/12.0/bmr_tdee/bmr_tdee_qsys.sopcinfo --report-file=html:C:/altera/12.0/bmr_tdee/bmr_tdee_qsys.html --report-file=qip:C:/altera/12.0/bmr_tdee/bmr_tdee_qsys/synthesis/bmr_tdee_qsys.qip --system-info=DEVICE_FAMILY="Cyclone IV E" --system-info=DEVICE=EP4CE22F17C6 --system-info=DEVICE_SPEEDGRADE=6 --component-file=C:/altera/12.0/bmr_tdee/bmr_tdee_qsys.qsys
Progress: Loading bmr_tdee/bmr_tdee_qsys.qsys
Progress: Reading input file
Progress: Adding clk_0 [clock_source 12.0]
Progress: Parameterizing module clk_0
Progress: Adding nios2_qsys_0 [altera_nios2_qsys 12.0]
Progress: Parameterizing module nios2_qsys_0
Progress: Adding onchip_memory2_0 [altera_avalon_onchip_memory2 12.0]
Progress: Parameterizing module onchip_memory2_0
Progress: Adding jtag_uart_0 [altera_avalon_jtag_uart 12.0]
Progress: Parameterizing module jtag_uart_0
Progress: Adding pio_led [altera_avalon_pio 12.0]
Progress: Parameterizing module pio_led
Progress: Adding pio_sw [altera_avalon_pio 12.0]
Progress: Parameterizing module pio_sw
Progress: Adding pio_bt [altera_avalon_pio 12.0]
Progress: Parameterizing module pio_bt
Progress: Building connections
Progress: Parameterizing connections
Progress: Validating
Progress: Done reading input file
Info: bmr_tdee_qsys.onchip_memory2_0: Memory will be initialized from onchip_memory2_0.hex
Info: bmr_tdee_qsys.pio_sw: PIO inputs are not hardwired in test bench. Undefined values will be read from PIO inputs during simulation.
Info: bmr_tdee_qsys.pio_bt: PIO inputs are not hardwired in test bench. Undefined values will be read from PIO inputs during simulation.
Info: bmr_tdee_qsys: Generating bmr_tdee_qsys "bmr_tdee_qsys" for QUARTUS_SYNTH
Info: pipeline_bridge_swap_transform: After transform: 7 modules, 21 connections
Info: No custom instruction connections, skipping transform 
Info: merlin_translator_transform: After transform: 15 modules, 45 connections
Info: merlin_domain_transform: After transform: 30 modules, 123 connections
Info: merlin_router_transform: After transform: 38 modules, 147 connections
Info: merlin_traffic_limiter_transform: After transform: 40 modules, 155 connections
Info: reset_adaptation_transform: After transform: 41 modules, 157 connections
Info: merlin_network_to_switch_transform: After transform: 56 modules, 189 connections
Info: limiter_update_transform: After transform: 56 modules, 191 connections
Info: merlin_interrupt_mapper_transform: After transform: 57 modules, 194 connections
Info: nios2_qsys_0: Starting RTL generation for module 'bmr_tdee_qsys_nios2_qsys_0'
Info: nios2_qsys_0:   Generation command is [exec C:/altera/12.0/quartus/../ip/altera/nios2_ip/altera_nios2/eperl.exe -I C:/altera/12.0/quartus/common/ip/altera/common/perl/5.8.3 -I C:/altera/12.0/quartus/sopc_builder/bin/europa -I C:/altera/12.0/quartus/sopc_builder/bin/perl_lib -I C:/altera/12.0/quartus/sopc_builder/bin -I C:/altera/12.0/quartus/../ip/altera/nios2_ip/altera_nios2/cpu_lib -I C:/altera/12.0/quartus/../ip/altera/nios2_ip/altera_nios2/nios_lib -I C:/altera/12.0/quartus/../ip/altera/nios2_ip/altera_nios2 -I C:/altera/12.0/quartus/../ip/altera/nios2_ip/altera_nios2 -- C:/altera/12.0/quartus/../ip/altera/nios2_ip/altera_nios2/generate_rtl.epl --name=bmr_tdee_qsys_nios2_qsys_0 --dir=C:/Users/Þm/AppData/Local/Temp/alt7488_1129638782654793866.dir/0001_nios2_qsys_0_gen/ --quartus_dir=C:/altera/12.0/quartus --verilog --config=C:/Users/Þm/AppData/Local/Temp/alt7488_1129638782654793866.dir/0001_nios2_qsys_0_gen//bmr_tdee_qsys_nios2_qsys_0_processor_configuration.pl  --do_build_sim=0    --bogus  ]
Info: nios2_qsys_0: # 2017.11.18 12:02:28 (*) Starting Nios II generation
Info: nios2_qsys_0: # 2017.11.18 12:02:28 (*)   Checking for encrypted license (non-evaluation).
Info: nios2_qsys_0: # 2017.11.18 12:02:29 (*)   Couldn't query license setup in Quartus directory C:/altera/12.0/quartus
Info: nios2_qsys_0: # 2017.11.18 12:02:29 (*)   Defaulting to contents of LM_LICENSE_FILE environment variable
Info: nios2_qsys_0: # 2017.11.18 12:02:29 (*)   LM_LICENSE_FILE environment variable is empty
Info: nios2_qsys_0: # 2017.11.18 12:02:29 (*)   Encrypted license not found.  Defaulting to OCP evaluation license (produces a time-limited SOF)
Info: nios2_qsys_0: # 2017.11.18 12:02:29 (*)   Elaborating CPU configuration settings
Info: nios2_qsys_0: # 2017.11.18 12:02:29 (*)   Creating all objects for CPU
Info: nios2_qsys_0: # 2017.11.18 12:02:29 (*)     Testbench
Info: nios2_qsys_0: # 2017.11.18 12:02:29 (*)     Instruction decoding
Info: nios2_qsys_0: # 2017.11.18 12:02:29 (*)       Instruction fields
Info: nios2_qsys_0: # 2017.11.18 12:02:29 (*)       Instruction decodes
Info: nios2_qsys_0: # 2017.11.18 12:02:30 (*)       Signals for RTL simulation waveforms
Info: nios2_qsys_0: # 2017.11.18 12:02:30 (*)       Instruction controls
Info: nios2_qsys_0: # 2017.11.18 12:02:30 (*)     Pipeline frontend
Info: nios2_qsys_0: # 2017.11.18 12:02:30 (*)     Pipeline backend
Info: nios2_qsys_0: # 2017.11.18 12:02:34 (*)   Generating RTL from CPU objects
Info: nios2_qsys_0: # 2017.11.18 12:02:36 (*)   Creating encrypted RTL
Info: nios2_qsys_0: # 2017.11.18 12:02:38 (*) Done Nios II generation
Info: nios2_qsys_0: Done RTL generation for module 'bmr_tdee_qsys_nios2_qsys_0'
Info: nios2_qsys_0: "bmr_tdee_qsys" instantiated altera_nios2_qsys "nios2_qsys_0"
Info: Starting classic module elaboration.
Qt: Untested Windows version 6.2 detected!
"c:/altera/12.0/quartus/bin/jre/bin/java.exe" -Xmx512M -classpath "c:/altera/12.0/quartus/sopc_builder/bin/sopc_builder.jar;c:/altera/12.0/quartus/sopc_builder/bin/PinAssigner.jar;c:/altera/12.0/quartus/sopc_builder/bin/sopc_wizard.jar;c:/altera/12.0/quartus/sopc_builder/bin/jptf.jar" sopc_builder.sopc_builder  -d"c:/altera/12.0/quartus/sopc_builder" -notalkback=1 -projectnameyysystem.qpf -projectpathC:/Users/Þm/AppData/Local/Temp/alt7488_1129638782654793866.dir/0002_sopclgen  --no_splash --refresh C:/Users/Þm/AppData/Local/Temp/alt7488_1129638782654793866.dir/0002_sopclgen/yysystem.v --quartus_dir="c:/altera/12.0/quartus" --sopc_perl="c:/altera/12.0/quartus/bin/perl" --sopc_lib_path="++c:/altera/12.0/quartus/../ip/altera/sopc_builder_ip+c:/altera/12.0/quartus/../ip/altera/nios2_ip"
Info: Finished elaborating classic module.
Executing: C:/altera/12.0/quartus//sopc_builder/bin/sopc_builder --classic --generate C:/Users/Þm/AppData/Local/Temp/alt7488_1129638782654793866.dir/0002_sopclgen/yysystem.ptf
Info: Running sopc_builder...
Qt: Untested Windows version 6.2 detected!
"c:/altera/12.0/quartus/bin/jre/bin/java.exe" -Xmx512M -classpath "c:/altera/12.0/quartus/sopc_builder/bin/sopc_builder.jar;c:/altera/12.0/quartus/sopc_builder/bin/PinAssigner.jar;c:/altera/12.0/quartus/sopc_builder/bin/sopc_wizard.jar;c:/altera/12.0/quartus/sopc_builder/bin/jptf.jar" sopc_builder.sopc_builder  -d"c:/altera/12.0/quartus/sopc_builder" -notalkback=1 -projectnameyysystem.qpf -projectpathC:/Users/Þm/AppData/Local/Temp/alt7488_1129638782654793866.dir/0002_sopclgen  --generate C:/Users/Þm/AppData/Local/Temp/alt7488_1129638782654793866.dir/0002_sopclgen/yysystem.v --quartus_dir="c:/altera/12.0/quartus" --sopc_perl="c:/altera/12.0/quartus/bin/perl" --sopc_lib_path="++c:/altera/12.0/quartus/../ip/altera/sopc_builder_ip+c:/altera/12.0/quartus/../ip/altera/nios2_ip"
No .sopc_builder configuration file(!)
.
# 2017.11.18 12:02:50 (*) Success: sopc_builder finished.
Info: onchip_memory2_0: "bmr_tdee_qsys" instantiated altera_avalon_onchip_memory2 "onchip_memory2_0"
Info: Starting classic module elaboration.
Qt: Untested Windows version 6.2 detected!
"c:/altera/12.0/quartus/bin/jre/bin/java.exe" -Xmx512M -classpath "c:/altera/12.0/quartus/sopc_builder/bin/sopc_builder.jar;c:/altera/12.0/quartus/sopc_builder/bin/PinAssigner.jar;c:/altera/12.0/quartus/sopc_builder/bin/sopc_wizard.jar;c:/altera/12.0/quartus/sopc_builder/bin/jptf.jar" sopc_builder.sopc_builder  -d"c:/altera/12.0/quartus/sopc_builder" -notalkback=1 -projectnameyysystem.qpf -projectpathC:/Users/Þm/AppData/Local/Temp/alt7488_1129638782654793866.dir/0003_sopclgen  --no_splash --refresh C:/Users/Þm/AppData/Local/Temp/alt7488_1129638782654793866.dir/0003_sopclgen/yysystem.v --quartus_dir="c:/altera/12.0/quartus" --sopc_perl="c:/altera/12.0/quartus/bin/perl" --sopc_lib_path="++c:/altera/12.0/quartus/../ip/altera/sopc_builder_ip+c:/altera/12.0/quartus/../ip/altera/nios2_ip"
Info: Finished elaborating classic module.
Executing: C:/altera/12.0/quartus//sopc_builder/bin/sopc_builder --classic --generate C:/Users/Þm/AppData/Local/Temp/alt7488_1129638782654793866.dir/0003_sopclgen/yysystem.ptf
Info: Running sopc_builder...
Qt: Untested Windows version 6.2 detected!
"c:/altera/12.0/quartus/bin/jre/bin/java.exe" -Xmx512M -classpath "c:/altera/12.0/quartus/sopc_builder/bin/sopc_builder.jar;c:/altera/12.0/quartus/sopc_builder/bin/PinAssigner.jar;c:/altera/12.0/quartus/sopc_builder/bin/sopc_wizard.jar;c:/altera/12.0/quartus/sopc_builder/bin/jptf.jar" sopc_builder.sopc_builder  -d"c:/altera/12.0/quartus/sopc_builder" -notalkback=1 -projectnameyysystem.qpf -projectpathC:/Users/Þm/AppData/Local/Temp/alt7488_1129638782654793866.dir/0003_sopclgen  --generate C:/Users/Þm/AppData/Local/Temp/alt7488_1129638782654793866.dir/0003_sopclgen/yysystem.v --quartus_dir="c:/altera/12.0/quartus" --sopc_perl="c:/altera/12.0/quartus/bin/perl" --sopc_lib_path="++c:/altera/12.0/quartus/../ip/altera/sopc_builder_ip+c:/altera/12.0/quartus/../ip/altera/nios2_ip"
No .sopc_builder configuration file(!)
.
# 2017.11.18 12:03:02 (*) Success: sopc_builder finished.
Info: jtag_uart_0: "bmr_tdee_qsys" instantiated altera_avalon_jtag_uart "jtag_uart_0"
Info: Starting classic module elaboration.
Qt: Untested Windows version 6.2 detected!
"c:/altera/12.0/quartus/bin/jre/bin/java.exe" -Xmx512M -classpath "c:/altera/12.0/quartus/sopc_builder/bin/sopc_builder.jar;c:/altera/12.0/quartus/sopc_builder/bin/PinAssigner.jar;c:/altera/12.0/quartus/sopc_builder/bin/sopc_wizard.jar;c:/altera/12.0/quartus/sopc_builder/bin/jptf.jar" sopc_builder.sopc_builder  -d"c:/altera/12.0/quartus/sopc_builder" -notalkback=1 -projectnameyysystem.qpf -projectpathC:/Users/Þm/AppData/Local/Temp/alt7488_1129638782654793866.dir/0004_sopclgen  --no_splash --refresh C:/Users/Þm/AppData/Local/Temp/alt7488_1129638782654793866.dir/0004_sopclgen/yysystem.v --quartus_dir="c:/altera/12.0/quartus" --sopc_perl="c:/altera/12.0/quartus/bin/perl" --sopc_lib_path="++c:/altera/12.0/quartus/../ip/altera/sopc_builder_ip+c:/altera/12.0/quartus/../ip/altera/nios2_ip"
Info: Finished elaborating classic module.
Executing: C:/altera/12.0/quartus//sopc_builder/bin/sopc_builder --classic --generate C:/Users/Þm/AppData/Local/Temp/alt7488_1129638782654793866.dir/0004_sopclgen/yysystem.ptf
Info: Running sopc_builder...
Qt: Untested Windows version 6.2 detected!
"c:/altera/12.0/quartus/bin/jre/bin/java.exe" -Xmx512M -classpath "c:/altera/12.0/quartus/sopc_builder/bin/sopc_builder.jar;c:/altera/12.0/quartus/sopc_builder/bin/PinAssigner.jar;c:/altera/12.0/quartus/sopc_builder/bin/sopc_wizard.jar;c:/altera/12.0/quartus/sopc_builder/bin/jptf.jar" sopc_builder.sopc_builder  -d"c:/altera/12.0/quartus/sopc_builder" -notalkback=1 -projectnameyysystem.qpf -projectpathC:/Users/Þm/AppData/Local/Temp/alt7488_1129638782654793866.dir/0004_sopclgen  --generate C:/Users/Þm/AppData/Local/Temp/alt7488_1129638782654793866.dir/0004_sopclgen/yysystem.v --quartus_dir="c:/altera/12.0/quartus" --sopc_perl="c:/altera/12.0/quartus/bin/perl" --sopc_lib_path="++c:/altera/12.0/quartus/../ip/altera/sopc_builder_ip+c:/altera/12.0/quartus/../ip/altera/nios2_ip"
No .sopc_builder configuration file(!)
.
# 2017.11.18 12:03:16 (*) Success: sopc_builder finished.
Info: pio_led: "bmr_tdee_qsys" instantiated altera_avalon_pio "pio_led"
Info: Starting classic module elaboration.
Qt: Untested Windows version 6.2 detected!
"c:/altera/12.0/quartus/bin/jre/bin/java.exe" -Xmx512M -classpath "c:/altera/12.0/quartus/sopc_builder/bin/sopc_builder.jar;c:/altera/12.0/quartus/sopc_builder/bin/PinAssigner.jar;c:/altera/12.0/quartus/sopc_builder/bin/sopc_wizard.jar;c:/altera/12.0/quartus/sopc_builder/bin/jptf.jar" sopc_builder.sopc_builder  -d"c:/altera/12.0/quartus/sopc_builder" -notalkback=1 -projectnameyysystem.qpf -projectpathC:/Users/Þm/AppData/Local/Temp/alt7488_1129638782654793866.dir/0005_sopclgen  --no_splash --refresh C:/Users/Þm/AppData/Local/Temp/alt7488_1129638782654793866.dir/0005_sopclgen/yysystem.v --quartus_dir="c:/altera/12.0/quartus" --sopc_perl="c:/altera/12.0/quartus/bin/perl" --sopc_lib_path="++c:/altera/12.0/quartus/../ip/altera/sopc_builder_ip+c:/altera/12.0/quartus/../ip/altera/nios2_ip"
Info: Finished elaborating classic module.
Executing: C:/altera/12.0/quartus//sopc_builder/bin/sopc_builder --classic --generate C:/Users/Þm/AppData/Local/Temp/alt7488_1129638782654793866.dir/0005_sopclgen/yysystem.ptf
Info: Running sopc_builder...
Qt: Untested Windows version 6.2 detected!
"c:/altera/12.0/quartus/bin/jre/bin/java.exe" -Xmx512M -classpath "c:/altera/12.0/quartus/sopc_builder/bin/sopc_builder.jar;c:/altera/12.0/quartus/sopc_builder/bin/PinAssigner.jar;c:/altera/12.0/quartus/sopc_builder/bin/sopc_wizard.jar;c:/altera/12.0/quartus/sopc_builder/bin/jptf.jar" sopc_builder.sopc_builder  -d"c:/altera/12.0/quartus/sopc_builder" -notalkback=1 -projectnameyysystem.qpf -projectpathC:/Users/Þm/AppData/Local/Temp/alt7488_1129638782654793866.dir/0005_sopclgen  --generate C:/Users/Þm/AppData/Local/Temp/alt7488_1129638782654793866.dir/0005_sopclgen/yysystem.v --quartus_dir="c:/altera/12.0/quartus" --sopc_perl="c:/altera/12.0/quartus/bin/perl" --sopc_lib_path="++c:/altera/12.0/quartus/../ip/altera/sopc_builder_ip+c:/altera/12.0/quartus/../ip/altera/nios2_ip"
No .sopc_builder configuration file(!)
.
# 2017.11.18 12:03:29 (*) Success: sopc_builder finished.
Info: pio_sw: "bmr_tdee_qsys" instantiated altera_avalon_pio "pio_sw"
Info: Starting classic module elaboration.
Qt: Untested Windows version 6.2 detected!
"c:/altera/12.0/quartus/bin/jre/bin/java.exe" -Xmx512M -classpath "c:/altera/12.0/quartus/sopc_builder/bin/sopc_builder.jar;c:/altera/12.0/quartus/sopc_builder/bin/PinAssigner.jar;c:/altera/12.0/quartus/sopc_builder/bin/sopc_wizard.jar;c:/altera/12.0/quartus/sopc_builder/bin/jptf.jar" sopc_builder.sopc_builder  -d"c:/altera/12.0/quartus/sopc_builder" -notalkback=1 -projectnameyysystem.qpf -projectpathC:/Users/Þm/AppData/Local/Temp/alt7488_1129638782654793866.dir/0006_sopclgen  --no_splash --refresh C:/Users/Þm/AppData/Local/Temp/alt7488_1129638782654793866.dir/0006_sopclgen/yysystem.v --quartus_dir="c:/altera/12.0/quartus" --sopc_perl="c:/altera/12.0/quartus/bin/perl" --sopc_lib_path="++c:/altera/12.0/quartus/../ip/altera/sopc_builder_ip+c:/altera/12.0/quartus/../ip/altera/nios2_ip"
Info: Finished elaborating classic module.
Executing: C:/altera/12.0/quartus//sopc_builder/bin/sopc_builder --classic --generate C:/Users/Þm/AppData/Local/Temp/alt7488_1129638782654793866.dir/0006_sopclgen/yysystem.ptf
Info: Running sopc_builder...
Qt: Untested Windows version 6.2 detected!
"c:/altera/12.0/quartus/bin/jre/bin/java.exe" -Xmx512M -classpath "c:/altera/12.0/quartus/sopc_builder/bin/sopc_builder.jar;c:/altera/12.0/quartus/sopc_builder/bin/PinAssigner.jar;c:/altera/12.0/quartus/sopc_builder/bin/sopc_wizard.jar;c:/altera/12.0/quartus/sopc_builder/bin/jptf.jar" sopc_builder.sopc_builder  -d"c:/altera/12.0/quartus/sopc_builder" -notalkback=1 -projectnameyysystem.qpf -projectpathC:/Users/Þm/AppData/Local/Temp/alt7488_1129638782654793866.dir/0006_sopclgen  --generate C:/Users/Þm/AppData/Local/Temp/alt7488_1129638782654793866.dir/0006_sopclgen/yysystem.v --quartus_dir="c:/altera/12.0/quartus" --sopc_perl="c:/altera/12.0/quartus/bin/perl" --sopc_lib_path="++c:/altera/12.0/quartus/../ip/altera/sopc_builder_ip+c:/altera/12.0/quartus/../ip/altera/nios2_ip"
No .sopc_builder configuration file(!)
.
# 2017.11.18 12:03:40 (*) Success: sopc_builder finished.
Info: pio_bt: "bmr_tdee_qsys" instantiated altera_avalon_pio "pio_bt"
Info: nios2_qsys_0_instruction_master_translator: "bmr_tdee_qsys" instantiated altera_merlin_master_translator "nios2_qsys_0_instruction_master_translator"
Info: nios2_qsys_0_jtag_debug_module_translator: "bmr_tdee_qsys" instantiated altera_merlin_slave_translator "nios2_qsys_0_jtag_debug_module_translator"
Info: nios2_qsys_0_instruction_master_translator_avalon_universal_master_0_agent: "bmr_tdee_qsys" instantiated altera_merlin_master_agent "nios2_qsys_0_instruction_master_translator_avalon_universal_master_0_agent"
Info: nios2_qsys_0_jtag_debug_module_translator_avalon_universal_slave_0_agent: "bmr_tdee_qsys" instantiated altera_merlin_slave_agent "nios2_qsys_0_jtag_debug_module_translator_avalon_universal_slave_0_agent"
Info: nios2_qsys_0_jtag_debug_module_translator_avalon_universal_slave_0_agent_rsp_fifo: "bmr_tdee_qsys" instantiated altera_avalon_sc_fifo "nios2_qsys_0_jtag_debug_module_translator_avalon_universal_slave_0_agent_rsp_fifo"
Info: addr_router: "bmr_tdee_qsys" instantiated altera_merlin_router "addr_router"
Info: addr_router_001: "bmr_tdee_qsys" instantiated altera_merlin_router "addr_router_001"
Info: id_router: "bmr_tdee_qsys" instantiated altera_merlin_router "id_router"
Info: id_router_002: "bmr_tdee_qsys" instantiated altera_merlin_router "id_router_002"
Info: limiter: "bmr_tdee_qsys" instantiated altera_merlin_traffic_limiter "limiter"
Info: rst_controller: "bmr_tdee_qsys" instantiated altera_reset_controller "rst_controller"
Info: cmd_xbar_demux: "bmr_tdee_qsys" instantiated altera_merlin_demultiplexer "cmd_xbar_demux"
Info: cmd_xbar_demux_001: "bmr_tdee_qsys" instantiated altera_merlin_demultiplexer "cmd_xbar_demux_001"
Info: cmd_xbar_mux: "bmr_tdee_qsys" instantiated altera_merlin_multiplexer "cmd_xbar_mux"
Info: rsp_xbar_demux: "bmr_tdee_qsys" instantiated altera_merlin_demultiplexer "rsp_xbar_demux"
Info: rsp_xbar_demux_002: "bmr_tdee_qsys" instantiated altera_merlin_demultiplexer "rsp_xbar_demux_002"
Info: rsp_xbar_mux: "bmr_tdee_qsys" instantiated altera_merlin_multiplexer "rsp_xbar_mux"
Info: Reusing file C:/altera/12.0/bmr_tdee/bmr_tdee_qsys/synthesis/submodules/altera_merlin_arbitrator.sv
Info: rsp_xbar_mux_001: "bmr_tdee_qsys" instantiated altera_merlin_multiplexer "rsp_xbar_mux_001"
Info: Reusing file C:/altera/12.0/bmr_tdee/bmr_tdee_qsys/synthesis/submodules/altera_merlin_arbitrator.sv
Info: irq_mapper: "bmr_tdee_qsys" instantiated altera_irq_mapper "irq_mapper"
Info: bmr_tdee_qsys: Done bmr_tdee_qsys" with 26 modules, 83 files, 1795706 bytes
Info: ip-generate succeeded.
Info: Finished: Create HDL design files for synthesis
