Flow report for bmr_tdee
Mon Nov 20 14:47:56 2017
Quartus II 32-bit Version 12.0 Build 178 05/31/2012 SJ Web Edition


---------------------
; Table of Contents ;
---------------------
  1. Legal Notice
  2. Flow Summary
  3. Flow Settings
  4. Flow Non-Default Global Settings
  5. Flow Elapsed Time
  6. Flow OS Summary
  7. Flow Log



----------------
; Legal Notice ;
----------------
Copyright (C) 1991-2012 Altera Corporation
Your use of Altera Corporation's design tools, logic functions 
and other software and tools, and its AMPP partner logic 
functions, and any output files from any of the foregoing 
(including device programming or simulation files), and any 
associated documentation or information are expressly subject 
to the terms and conditions of the Altera Program License 
Subscription Agreement, Altera MegaCore Function License 
Agreement, or other applicable license agreement, including, 
without limitation, that your use is for the sole purpose of 
programming logic devices manufactured by Altera and sold by 
Altera or its authorized distributors.  Please refer to the 
applicable agreement for further details.



+-------------------------------------------------------------------------------+
; Flow Summary                                                                  ;
+------------------------------------+------------------------------------------+
; Flow Status                        ; Successful - Mon Nov 20 14:47:50 2017    ;
; Quartus II 32-bit Version          ; 12.0 Build 178 05/31/2012 SJ Web Edition ;
; Revision Name                      ; bmr_tdee                                 ;
; Top-level Entity Name              ; bmr_tdee                                 ;
; Family                             ; Cyclone IV E                             ;
; Device                             ; EP4CE22F17C6                             ;
; Timing Models                      ; Final                                    ;
; Total logic elements               ; 3,197 / 22,320 ( 14 % )                  ;
;     Total combinational functions  ; 2,808 / 22,320 ( 13 % )                  ;
;     Dedicated logic registers      ; 1,903 / 22,320 ( 9 % )                   ;
; Total registers                    ; 1903                                     ;
; Total pins                         ; 15 / 154 ( 10 % )                        ;
; Total virtual pins                 ; 0                                        ;
; Total memory bits                  ; 384,320 / 608,256 ( 63 % )               ;
; Embedded Multiplier 9-bit elements ; 4 / 132 ( 3 % )                          ;
; Total PLLs                         ; 0 / 4 ( 0 % )                            ;
+------------------------------------+------------------------------------------+


+-----------------------------------------+
; Flow Settings                           ;
+-------------------+---------------------+
; Option            ; Setting             ;
+-------------------+---------------------+
; Start date & time ; 11/20/2017 14:46:23 ;
; Main task         ; Compilation         ;
; Revision Name     ; bmr_tdee            ;
+-------------------+---------------------+


+-----------------------------------------------------------------------------------------------------------------------------------------------------------------------+
; Flow Non-Default Global Settings                                                                                                                                      ;
+-------------------------------------+-----------------------------------------------------------------+---------------+----------------------------------+------------+
; Assignment Name                     ; Value                                                           ; Default Value ; Entity Name                      ; Section Id ;
+-------------------------------------+-----------------------------------------------------------------+---------------+----------------------------------+------------+
; COMPILER_SIGNATURE_ID               ; 207732454152304.151116038312624                                 ; --            ; --                               ; --         ;
; IP_TOOL_ENV                         ; qsys                                                            ; --            ; altera_avalon_sc_fifo            ; --         ;
; IP_TOOL_ENV                         ; qsys                                                            ; --            ; altera_merlin_master_agent       ; --         ;
; IP_TOOL_ENV                         ; qsys                                                            ; --            ; altera_merlin_master_translator  ; --         ;
; IP_TOOL_ENV                         ; qsys                                                            ; --            ; altera_merlin_slave_agent        ; --         ;
; IP_TOOL_ENV                         ; qsys                                                            ; --            ; altera_merlin_slave_translator   ; --         ;
; IP_TOOL_ENV                         ; qsys                                                            ; --            ; altera_merlin_traffic_limiter    ; --         ;
; IP_TOOL_ENV                         ; qsys                                                            ; --            ; altera_reset_controller          ; --         ;
; IP_TOOL_ENV                         ; qsys                                                            ; --            ; bmr_tdee_qsys                    ; --         ;
; IP_TOOL_ENV                         ; qsys                                                            ; --            ; bmr_tdee_qsys_addr_router        ; --         ;
; IP_TOOL_ENV                         ; qsys                                                            ; --            ; bmr_tdee_qsys_addr_router_001    ; --         ;
; IP_TOOL_ENV                         ; qsys                                                            ; --            ; bmr_tdee_qsys_cmd_xbar_demux     ; --         ;
; IP_TOOL_ENV                         ; qsys                                                            ; --            ; bmr_tdee_qsys_cmd_xbar_demux_001 ; --         ;
; IP_TOOL_ENV                         ; qsys                                                            ; --            ; bmr_tdee_qsys_cmd_xbar_mux       ; --         ;
; IP_TOOL_ENV                         ; qsys                                                            ; --            ; bmr_tdee_qsys_id_router          ; --         ;
; IP_TOOL_ENV                         ; qsys                                                            ; --            ; bmr_tdee_qsys_id_router_002      ; --         ;
; IP_TOOL_ENV                         ; qsys                                                            ; --            ; bmr_tdee_qsys_irq_mapper         ; --         ;
; IP_TOOL_ENV                         ; qsys                                                            ; --            ; bmr_tdee_qsys_jtag_uart_0        ; --         ;
; IP_TOOL_ENV                         ; qsys                                                            ; --            ; bmr_tdee_qsys_nios2_qsys_0       ; --         ;
; IP_TOOL_ENV                         ; qsys                                                            ; --            ; bmr_tdee_qsys_onchip_memory2_0   ; --         ;
; IP_TOOL_ENV                         ; qsys                                                            ; --            ; bmr_tdee_qsys_pio_bt             ; --         ;
; IP_TOOL_ENV                         ; qsys                                                            ; --            ; bmr_tdee_qsys_pio_led            ; --         ;
; IP_TOOL_ENV                         ; qsys                                                            ; --            ; bmr_tdee_qsys_pio_sw             ; --         ;
; IP_TOOL_ENV                         ; qsys                                                            ; --            ; bmr_tdee_qsys_rsp_xbar_demux     ; --         ;
; IP_TOOL_ENV                         ; qsys                                                            ; --            ; bmr_tdee_qsys_rsp_xbar_demux_002 ; --         ;
; IP_TOOL_ENV                         ; qsys                                                            ; --            ; bmr_tdee_qsys_rsp_xbar_mux       ; --         ;
; IP_TOOL_ENV                         ; qsys                                                            ; --            ; bmr_tdee_qsys_rsp_xbar_mux_001   ; --         ;
; IP_TOOL_NAME                        ; altera_avalon_sc_fifo                                           ; --            ; altera_avalon_sc_fifo            ; --         ;
; IP_TOOL_NAME                        ; altera_merlin_master_agent                                      ; --            ; altera_merlin_master_agent       ; --         ;
; IP_TOOL_NAME                        ; altera_merlin_master_translator                                 ; --            ; altera_merlin_master_translator  ; --         ;
; IP_TOOL_NAME                        ; altera_merlin_slave_agent                                       ; --            ; altera_merlin_slave_agent        ; --         ;
; IP_TOOL_NAME                        ; altera_merlin_slave_translator                                  ; --            ; altera_merlin_slave_translator   ; --         ;
; IP_TOOL_NAME                        ; altera_merlin_traffic_limiter                                   ; --            ; altera_merlin_traffic_limiter    ; --         ;
; IP_TOOL_NAME                        ; altera_reset_controller                                         ; --            ; altera_reset_controller          ; --         ;
; IP_TOOL_NAME                        ; qsys                                                            ; --            ; bmr_tdee_qsys                    ; --         ;
; IP_TOOL_NAME                        ; altera_merlin_router                                            ; --            ; bmr_tdee_qsys_addr_router        ; --         ;
; IP_TOOL_NAME                        ; altera_merlin_router                                            ; --            ; bmr_tdee_qsys_addr_router_001    ; --         ;
; IP_TOOL_NAME                        ; altera_merlin_demultiplexer                                     ; --            ; bmr_tdee_qsys_cmd_xbar_demux     ; --         ;
; IP_TOOL_NAME                        ; altera_merlin_demultiplexer                                     ; --            ; bmr_tdee_qsys_cmd_xbar_demux_001 ; --         ;
; IP_TOOL_NAME                        ; altera_merlin_multiplexer                                       ; --            ; bmr_tdee_qsys_cmd_xbar_mux       ; --         ;
; IP_TOOL_NAME                        ; altera_merlin_router                                            ; --            ; bmr_tdee_qsys_id_router          ; --         ;
; IP_TOOL_NAME                        ; altera_merlin_router                                            ; --            ; bmr_tdee_qsys_id_router_002      ; --         ;
; IP_TOOL_NAME                        ; altera_irq_mapper                                               ; --            ; bmr_tdee_qsys_irq_mapper         ; --         ;
; IP_TOOL_NAME                        ; altera_avalon_jtag_uart                                         ; --            ; bmr_tdee_qsys_jtag_uart_0        ; --         ;
; IP_TOOL_NAME                        ; altera_nios2_qsys                                               ; --            ; bmr_tdee_qsys_nios2_qsys_0       ; --         ;
; IP_TOOL_NAME                        ; altera_avalon_onchip_memory2                                    ; --            ; bmr_tdee_qsys_onchip_memory2_0   ; --         ;
; IP_TOOL_NAME                        ; altera_avalon_pio                                               ; --            ; bmr_tdee_qsys_pio_bt             ; --         ;
; IP_TOOL_NAME                        ; altera_avalon_pio                                               ; --            ; bmr_tdee_qsys_pio_led            ; --         ;
; IP_TOOL_NAME                        ; altera_avalon_pio                                               ; --            ; bmr_tdee_qsys_pio_sw             ; --         ;
; IP_TOOL_NAME                        ; altera_merlin_demultiplexer                                     ; --            ; bmr_tdee_qsys_rsp_xbar_demux     ; --         ;
; IP_TOOL_NAME                        ; altera_merlin_demultiplexer                                     ; --            ; bmr_tdee_qsys_rsp_xbar_demux_002 ; --         ;
; IP_TOOL_NAME                        ; altera_merlin_multiplexer                                       ; --            ; bmr_tdee_qsys_rsp_xbar_mux       ; --         ;
; IP_TOOL_NAME                        ; altera_merlin_multiplexer                                       ; --            ; bmr_tdee_qsys_rsp_xbar_mux_001   ; --         ;
; IP_TOOL_VERSION                     ; 12.0                                                            ; --            ; altera_avalon_sc_fifo            ; --         ;
; IP_TOOL_VERSION                     ; 12.0                                                            ; --            ; altera_merlin_master_agent       ; --         ;
; IP_TOOL_VERSION                     ; 12.0                                                            ; --            ; altera_merlin_master_translator  ; --         ;
; IP_TOOL_VERSION                     ; 12.0                                                            ; --            ; altera_merlin_slave_agent        ; --         ;
; IP_TOOL_VERSION                     ; 12.0                                                            ; --            ; altera_merlin_slave_translator   ; --         ;
; IP_TOOL_VERSION                     ; 12.0                                                            ; --            ; altera_merlin_traffic_limiter    ; --         ;
; IP_TOOL_VERSION                     ; 12.0                                                            ; --            ; altera_reset_controller          ; --         ;
; IP_TOOL_VERSION                     ; 12.0                                                            ; --            ; bmr_tdee_qsys                    ; --         ;
; IP_TOOL_VERSION                     ; 12.0                                                            ; --            ; bmr_tdee_qsys_addr_router        ; --         ;
; IP_TOOL_VERSION                     ; 12.0                                                            ; --            ; bmr_tdee_qsys_addr_router_001    ; --         ;
; IP_TOOL_VERSION                     ; 12.0                                                            ; --            ; bmr_tdee_qsys_cmd_xbar_demux     ; --         ;
; IP_TOOL_VERSION                     ; 12.0                                                            ; --            ; bmr_tdee_qsys_cmd_xbar_demux_001 ; --         ;
; IP_TOOL_VERSION                     ; 12.0                                                            ; --            ; bmr_tdee_qsys_cmd_xbar_mux       ; --         ;
; IP_TOOL_VERSION                     ; 12.0                                                            ; --            ; bmr_tdee_qsys_id_router          ; --         ;
; IP_TOOL_VERSION                     ; 12.0                                                            ; --            ; bmr_tdee_qsys_id_router_002      ; --         ;
; IP_TOOL_VERSION                     ; 12.0                                                            ; --            ; bmr_tdee_qsys_irq_mapper         ; --         ;
; IP_TOOL_VERSION                     ; 12.0                                                            ; --            ; bmr_tdee_qsys_jtag_uart_0        ; --         ;
; IP_TOOL_VERSION                     ; 12.0                                                            ; --            ; bmr_tdee_qsys_nios2_qsys_0       ; --         ;
; IP_TOOL_VERSION                     ; 12.0                                                            ; --            ; bmr_tdee_qsys_onchip_memory2_0   ; --         ;
; IP_TOOL_VERSION                     ; 12.0                                                            ; --            ; bmr_tdee_qsys_pio_bt             ; --         ;
; IP_TOOL_VERSION                     ; 12.0                                                            ; --            ; bmr_tdee_qsys_pio_led            ; --         ;
; IP_TOOL_VERSION                     ; 12.0                                                            ; --            ; bmr_tdee_qsys_pio_sw             ; --         ;
; IP_TOOL_VERSION                     ; 12.0                                                            ; --            ; bmr_tdee_qsys_rsp_xbar_demux     ; --         ;
; IP_TOOL_VERSION                     ; 12.0                                                            ; --            ; bmr_tdee_qsys_rsp_xbar_demux_002 ; --         ;
; IP_TOOL_VERSION                     ; 12.0                                                            ; --            ; bmr_tdee_qsys_rsp_xbar_mux       ; --         ;
; IP_TOOL_VERSION                     ; 12.0                                                            ; --            ; bmr_tdee_qsys_rsp_xbar_mux_001   ; --         ;
; MISC_FILE                           ; bmr_tdee_qsys/synthesis/../../bmr_tdee_qsys.sopcinfo            ; --            ; --                               ; --         ;
; MISC_FILE                           ; bmr_tdee_qsys/synthesis/../../bmr_tdee_qsys.qsys                ; --            ; --                               ; --         ;
; PARTITION_COLOR                     ; 16764057                                                        ; --            ; --                               ; Top        ;
; PARTITION_FITTER_PRESERVATION_LEVEL ; PLACEMENT_AND_ROUTING                                           ; --            ; --                               ; Top        ;
; PARTITION_NETLIST_TYPE              ; SOURCE                                                          ; --            ; --                               ; Top        ;
; SLD_INFO                            ; QSYS_NAME bmr_tdee_qsys HAS_SOPCINFO 1 GENERATION_ID 1511160291 ; --            ; bmr_tdee_qsys                    ; --         ;
; SYNTHESIS_ONLY_QIP                  ; On                                                              ; --            ; --                               ; --         ;
+-------------------------------------+-----------------------------------------------------------------+---------------+----------------------------------+------------+


+-------------------------------------------------------------------------------------------------------------------------------+
; Flow Elapsed Time                                                                                                             ;
+---------------------------+--------------+-------------------------+---------------------+------------------------------------+
; Module Name               ; Elapsed Time ; Average Processors Used ; Peak Virtual Memory ; Total CPU Time (on all processors) ;
+---------------------------+--------------+-------------------------+---------------------+------------------------------------+
; Analysis & Synthesis      ; 00:00:32     ; 1.0                     ; 446 MB              ; 00:00:23                           ;
; Fitter                    ; 00:00:43     ; 1.0                     ; 547 MB              ; 00:00:36                           ;
; Assembler                 ; 00:00:04     ; 1.0                     ; 361 MB              ; 00:00:03                           ;
; TimeQuest Timing Analyzer ; 00:00:11     ; 1.0                     ; 419 MB              ; 00:00:09                           ;
; Total                     ; 00:01:30     ; --                      ; --                  ; 00:01:11                           ;
+---------------------------+--------------+-------------------------+---------------------+------------------------------------+


+----------------------------------------------------------------------------------------+
; Flow OS Summary                                                                        ;
+---------------------------+------------------+-----------+------------+----------------+
; Module Name               ; Machine Hostname ; OS Name   ; OS Version ; Processor type ;
+---------------------------+------------------+-----------+------------+----------------+
; Analysis & Synthesis      ; eric             ; Windows 7 ; 6.2        ; x86_64         ;
; Fitter                    ; eric             ; Windows 7 ; 6.2        ; x86_64         ;
; Assembler                 ; eric             ; Windows 7 ; 6.2        ; x86_64         ;
; TimeQuest Timing Analyzer ; eric             ; Windows 7 ; 6.2        ; x86_64         ;
+---------------------------+------------------+-----------+------------+----------------+


------------
; Flow Log ;
------------
quartus_map --read_settings_files=on --write_settings_files=off bmr_tdee -c bmr_tdee
quartus_fit --read_settings_files=off --write_settings_files=off bmr_tdee -c bmr_tdee
quartus_asm --read_settings_files=off --write_settings_files=off bmr_tdee -c bmr_tdee
quartus_sta bmr_tdee -c bmr_tdee



